# Logfile created on 2014-08-18 18:59:38 -0300 by logger.rb/31641
I, [2014-08-18T18:59:38.965959 #27692]  INFO -- : started logging
I, [2014-08-18T19:01:10.920524 #27735]  INFO -- : started logging
I, [2014-08-18T19:01:34.673740 #27768]  INFO -- : started logging
I, [2014-08-18T19:01:34.674825 #27768]  INFO -- : subimitArtifact
I, [2014-08-18T19:02:20.196232 #27784]  INFO -- : started logging
I, [2014-08-18T19:02:20.197304 #27784]  INFO -- : submitArtifact
I, [2014-08-18T19:02:42.716709 #27810]  INFO -- : started logging
I, [2014-08-18T19:02:42.717841 #27810]  INFO -- : touchDiscussion
I, [2014-08-18T19:03:37.492811 #27842]  INFO -- : started logging
I, [2014-08-18T19:04:08.463888 #27880]  INFO -- : started logging
I, [2014-08-18T19:04:12.139728 #27903]  INFO -- : started logging
I, [2014-08-18T19:04:13.568903 #27909]  INFO -- : started logging
I, [2014-08-18T19:04:32.659310 #27917]  INFO -- : started logging
I, [2014-08-18T19:09:26.608565 #28073]  INFO -- : started logging
I, [2014-08-18T19:10:30.810378 #28114]  INFO -- : started logging
I, [2014-08-18T19:11:00.072752 #28147]  INFO -- : started logging
I, [2014-08-18T19:11:38.892110 #28167]  INFO -- : started logging
I, [2014-08-18T19:12:25.999650 #28208]  INFO -- : started logging
I, [2014-08-18T19:14:00.477586 #28257]  INFO -- : started logging
I, [2014-08-18T19:14:51.415349 #28309]  INFO -- : started logging
I, [2014-08-18T19:15:11.484316 #28340]  INFO -- : started logging
I, [2014-08-18T19:15:40.001107 #28360]  INFO -- : started logging
I, [2014-08-18T19:15:48.077617 #28374]  INFO -- : started logging
I, [2014-08-18T19:16:17.214264 #28398]  INFO -- : started logging
I, [2014-08-18T19:16:51.958595 #28417]  INFO -- : started logging
I, [2014-08-18T19:17:09.987491 #28453]  INFO -- : started logging
I, [2014-08-18T19:17:30.004558 #28481]  INFO -- : started logging
I, [2014-08-18T19:18:18.568902 #28512]  INFO -- : started logging
I, [2014-08-18T19:18:38.429141 #28543]  INFO -- : started logging
I, [2014-08-18T19:18:38.430239 #28543]  INFO -- : entered method
I, [2014-08-18T19:21:48.737779 #28737]  INFO -- : started logging
I, [2014-08-18T19:22:45.135588 #28817]  INFO -- : started logging
I, [2014-08-18T19:23:20.104599 #28863]  INFO -- : started logging
I, [2014-08-18T19:23:56.391783 #28897]  INFO -- : started logging
I, [2014-08-18T19:24:32.002111 #28935]  INFO -- : started logging
I, [2014-08-18T19:25:08.132731 #28972]  INFO -- : started logging
I, [2014-08-18T19:25:08.133838 #28972]  INFO -- : entered method
I, [2014-08-18T19:25:18.283676 #28972]  INFO -- : entered method
I, [2014-08-18T19:25:18.285317 #28972]  INFO -- : entered method
I, [2014-08-18T19:28:56.859381 #29345]  INFO -- : started logging
I, [2014-08-18T19:28:56.934200 #29345]  INFO -- : entered method
I, [2014-08-18T19:29:23.953973 #29345]  INFO -- : entered method
I, [2014-08-18T19:30:17.744844 #29345]  INFO -- : entered method
I, [2014-08-18T19:30:54.274473 #29345]  INFO -- : entered method
I, [2014-08-18T19:41:19.963365 #30132]  INFO -- : started logging
I, [2014-08-18T19:41:51.387608 #30246]  INFO -- : started logging
I, [2014-08-18T19:42:14.370417 #30246]  INFO -- : user created
I, [2014-08-18T19:42:51.555589 #30386]  INFO -- : started logging
I, [2014-08-18T19:48:47.310721 #30625]  INFO -- : started logging
I, [2014-08-18T19:49:16.156391 #30738]  INFO -- : started logging
I, [2014-08-18T19:49:41.938974 #30738]  INFO -- : user created
I, [2014-08-18T19:49:54.047927 #30738]  INFO -- : user created
I, [2014-08-18T19:50:05.829702 #30738]  INFO -- : user created
I, [2014-08-18T19:50:18.023145 #30738]  INFO -- : user created
I, [2014-08-18T19:50:29.832292 #30738]  INFO -- : user created
I, [2014-08-18T19:50:42.349555 #30738]  INFO -- : user created
I, [2014-08-18T19:50:54.101151 #30738]  INFO -- : user created
I, [2014-08-18T19:51:06.131374 #30738]  INFO -- : user created
I, [2014-08-18T19:51:17.769202 #30738]  INFO -- : user created
I, [2014-08-18T19:51:29.320471 #30738]  INFO -- : user created
I, [2014-08-18T19:51:41.400128 #30738]  INFO -- : user created
I, [2014-08-18T19:51:52.693580 #30738]  INFO -- : user created
I, [2014-08-18T19:52:04.200982 #30738]  INFO -- : user created
I, [2014-08-18T19:52:15.340197 #30738]  INFO -- : user created
I, [2014-08-18T19:52:27.292415 #30738]  INFO -- : user created
I, [2014-08-18T19:52:39.273516 #30738]  INFO -- : user created
I, [2014-08-18T19:52:50.922927 #30738]  INFO -- : user created
I, [2014-08-18T19:53:02.464459 #30738]  INFO -- : user created
I, [2014-08-18T19:53:14.070382 #30738]  INFO -- : user created
I, [2014-08-18T19:53:25.616830 #30738]  INFO -- : user created
I, [2014-08-18T19:53:37.213690 #30738]  INFO -- : user created
I, [2014-08-18T19:53:48.670727 #30738]  INFO -- : user created
I, [2014-08-18T19:54:00.515262 #30738]  INFO -- : user created
I, [2014-08-18T19:54:12.347323 #30738]  INFO -- : user created
I, [2014-08-18T19:54:23.552203 #30738]  INFO -- : user created
I, [2014-08-18T19:54:35.298941 #30738]  INFO -- : user created
I, [2014-08-18T19:54:46.691702 #30738]  INFO -- : user created
I, [2014-08-18T19:54:58.504175 #30738]  INFO -- : user created
I, [2014-08-18T19:55:09.888285 #30738]  INFO -- : user created
I, [2014-08-18T19:55:21.358609 #30738]  INFO -- : user created
I, [2014-08-18T19:55:32.872278 #30738]  INFO -- : user created
I, [2014-08-18T19:55:44.571365 #30738]  INFO -- : user created
I, [2014-08-18T19:55:56.542656 #30738]  INFO -- : user created
I, [2014-08-18T19:56:08.231295 #30738]  INFO -- : user created
